<?xml version="1.0" encoding="UTF-8"?>
<testng-results skipped="0" failed="0" ignored="0" total="1" passed="1">
  <reporter-output>
  </reporter-output>
  <suite name="InetBankingV1" duration-ms="9229" started-at="2022-09-22T01:01:30 IST" finished-at="2022-09-22T01:01:39 IST">
    <groups>
    </groups>
    <test name="Login Test" duration-ms="9229" started-at="2022-09-22T01:01:30 IST" finished-at="2022-09-22T01:01:39 IST">
      <class name="com.testCases.TC_LoginTest">
        <test-method status="PASS" signature="setup(java.lang.String)[pri:0, instance:com.testCases.TC_LoginTest@281e3708]" name="setup" is-config="true" duration-ms="7586" started-at="2022-09-22T01:01:30 IST" finished-at="2022-09-22T01:01:37 IST">
          <params>
            <param index="0">
              <value>
                <![CDATA[chrome]]>
              </value>
            </param>
          </params>
          <reporter-output>
          </reporter-output>
        </test-method> <!-- setup -->
        <test-method status="PASS" signature="loginTest()[pri:0, instance:com.testCases.TC_LoginTest@281e3708]" name="loginTest" duration-ms="1553" started-at="2022-09-22T01:01:37 IST" finished-at="2022-09-22T01:01:39 IST">
          <reporter-output>
          </reporter-output>
        </test-method> <!-- loginTest -->
      </class> <!-- com.testCases.TC_LoginTest -->
    </test> <!-- Login Test -->
  </suite> <!-- InetBankingV1 -->
</testng-results>
